#
# There is insufficient memory for the Java Runtime Environment to continue.
# Native memory allocation (malloc) failed to allocate 32744 bytes for ChunkPool::allocate
# Possible reasons:
#   The system is out of physical RAM or swap space
#   In 32 bit mode, the process size limit was hit
# Possible solutions:
#   Reduce memory load on the system
#   Increase physical memory or swap space
#   Check if swap backing store is full
#   Use 64 bit Java on a 64 bit OS
#   Decrease Java heap size (-Xmx/-Xms)
#   Decrease number of Java threads
#   Decrease Java thread stack sizes (-Xss)
#   Set larger code cache with -XX:ReservedCodeCacheSize=
# This output file may be truncated or incomplete.
#
#  Out of Memory Error (allocation.cpp:273), pid=8832, tid=0x0000000000001e84
#
# JRE version: Java(TM) SE Runtime Environment (8.0_131-b11) (build 1.8.0_131-b11)
# Java VM: Java HotSpot(TM) 64-Bit Server VM (25.131-b11 mixed mode windows-amd64 compressed oops)
# Failed to write core dump. Minidumps are not enabled by default on client versions of Windows
#

---------------  T H R E A D  ---------------

Current thread (0x0000000015541800):  JavaThread "C2 CompilerThread0" daemon [_thread_in_native, id=7812, stack(0x0000000016410000,0x0000000016510000)]

Stack: [0x0000000016410000,0x0000000016510000]
[error occurred during error reporting (printing stack bounds), id 0xc0000005]

Native frames: (J=compiled Java code, j=interpreted, Vv=VM code, C=native code)


Current CompileTask:
C2:   3814 1566   !   4       java.net.URLClassLoader$1::run (63 bytes)


---------------  P R O C E S S  ---------------

Java Threads: ( => current thread )
  0x0000000017a7f000 JavaThread "Stdin handler" [_thread_blocked, id=7000, stack(0x0000000018fd0000,0x00000000190d0000)]
  0x0000000017a77800 JavaThread "Asynchronous log dispatcher for org.gradle.launcher.daemon.server.DefaultDaemonConnection@551c9e3c" [_thread_blocked, id=11736, stack(0x0000000018ed0000,0x0000000018fd0000)]
  0x0000000017a5c800 JavaThread "Daemon worker" [_thread_in_vm, id=11896, stack(0x0000000018dd0000,0x0000000018ed0000)]
  0x0000000017a54000 JavaThread "Cancel handler" [_thread_blocked, id=8860, stack(0x0000000018ad0000,0x0000000018bd0000)]
  0x0000000017a32800 JavaThread "Handler for socket connection from /127.0.0.1:54927 to /127.0.0.1:54928" [_thread_in_native, id=4220, stack(0x00000000189d0000,0x0000000018ad0000)]
  0x0000000017a22800 JavaThread "Daemon" [_thread_blocked, id=3224, stack(0x00000000188d0000,0x00000000189d0000)]
  0x0000000017998000 JavaThread "Incoming local TCP Connector on port 54927" [_thread_in_native, id=10776, stack(0x0000000018730000,0x0000000018830000)]
  0x000000001795a800 JavaThread "pool-1-thread-1" [_thread_blocked, id=10312, stack(0x0000000017430000,0x0000000017530000)]
  0x000000001652a000 JavaThread "Service Thread" daemon [_thread_blocked, id=4736, stack(0x0000000016a10000,0x0000000016b10000)]
  0x000000001557b800 JavaThread "C1 CompilerThread1" daemon [_thread_blocked, id=5000, stack(0x0000000016910000,0x0000000016a10000)]
=>0x0000000015541800 JavaThread "C2 CompilerThread0" daemon [_thread_in_native, id=7812, stack(0x0000000016410000,0x0000000016510000)]
  0x0000000015540000 JavaThread "Attach Listener" daemon [_thread_blocked, id=10012, stack(0x0000000016310000,0x0000000016410000)]
  0x000000001553d000 JavaThread "Signal Dispatcher" daemon [_thread_blocked, id=9964, stack(0x0000000016210000,0x0000000016310000)]
  0x00000000154c8800 JavaThread "Finalizer" daemon [_thread_blocked, id=10004, stack(0x0000000016110000,0x0000000016210000)]
  0x000000000303d000 JavaThread "Reference Handler" daemon [_thread_blocked, id=9988, stack(0x0000000016010000,0x0000000016110000)]
  0x0000000002f4e000 JavaThread "main" [_thread_blocked, id=5236, stack(0x0000000002920000,0x0000000002a20000)]

Other Threads:
  0x00000000154a6800 VMThread [stack: 0x0000000015f10000,0x0000000016010000] [id=4896]
  0x0000000016550000 WatcherThread [stack: 0x0000000016b10000,0x0000000016c10000] [id=8972]

VM state:not at safepoint (normal execution)

VM Mutex/Monitor currently owned by a thread: None

Heap:
 PSYoungGen      total 37888K, used 25902K [0x00000000eab00000, 0x00000000ed500000, 0x0000000100000000)
  eden space 32768K, 63% used [0x00000000eab00000,0x00000000ebf50138,0x00000000ecb00000)
  from space 5120K, 99% used [0x00000000ed000000,0x00000000ed4fba48,0x00000000ed500000)
  to   space 5120K, 0% used [0x00000000ecb00000,0x00000000ecb00000,0x00000000ed000000)
 ParOldGen       total 86016K, used 865K [0x00000000c0000000, 0x00000000c5400000, 0x00000000eab00000)
  object space 86016K, 1% used [0x00000000c0000000,0x00000000c00d8518,0x00000000c5400000)
 Metaspace       used 17012K, capacity 17378K, committed 17536K, reserved 1064960K
  class space    used 2256K, capacity 2363K, committed 2432K, reserved 1048576K

Card table byte_map: [0x0000000012410000,0x0000000012620000] byte_map_base: 0x0000000011e10000

Marking Bits: (ParMarkBitMap*) 0x000000005200c720
 Begin Bits: [0x0000000012980000, 0x0000000013980000)
 End Bits:   [0x0000000013980000, 0x0000000014980000)

Polling page: 0x0000000002a20000

CodeCache: size=245760Kb used=5347Kb max_used=5361Kb free=240412Kb
 bounds [0x0000000003050000, 0x0000000003590000, 0x0000000012050000]
 total_blobs=1943 nmethods=1565 adapters=291
 compilation: enabled

Compilation events (10 events):
Event: 3.777 Thread 0x000000001557b800 1562       1       com.google.common.collect.ImmutableMapEntry$TerminalEntry::getNextInKeyBucket (2 bytes)
Event: 3.777 Thread 0x000000001557b800 nmethod 1562 0x0000000003586a90 code [0x0000000003586be0, 0x0000000003586cf0]
Event: 3.777 Thread 0x000000001557b800 1563       3       com.google.common.collect.ImmutableMap::checkNoConflict (50 bytes)
Event: 3.778 Thread 0x000000001557b800 nmethod 1563 0x0000000003586d50 code [0x0000000003586fe0, 0x0000000003588118]
Event: 3.778 Thread 0x000000001557b800 1564       3       com.google.common.collect.RegularImmutableMap$NonTerminalMapEntry::<init> (11 bytes)
Event: 3.778 Thread 0x000000001557b800 nmethod 1564 0x0000000003588950 code [0x0000000003588ac0, 0x0000000003588ef0]
Event: 3.782 Thread 0x0000000015541800 nmethod 1535% 0x000000000358cb90 code [0x000000000358cd60, 0x000000000358dc08]
Event: 3.782 Thread 0x0000000015541800 1565   !   4       java.net.URLClassLoader::findClass (47 bytes)
Event: 3.783 Thread 0x0000000015541800 nmethod 1565 0x0000000003589810 code [0x00000000035899a0, 0x0000000003589b98]
Event: 3.801 Thread 0x0000000015541800 1566   !   4       java.net.URLClassLoader$1::run (63 bytes)

GC Heap History (4 events):
Event: 1.891 GC heap before
{Heap before GC invocations=1 (full 0):
 PSYoungGen      total 37888K, used 32768K [0x00000000eab00000, 0x00000000ed500000, 0x0000000100000000)
  eden space 32768K, 100% used [0x00000000eab00000,0x00000000ecb00000,0x00000000ecb00000)
  from space 5120K, 0% used [0x00000000ed000000,0x00000000ed000000,0x00000000ed500000)
  to   space 5120K, 0% used [0x00000000ecb00000,0x00000000ecb00000,0x00000000ed000000)
 ParOldGen       total 86016K, used 0K [0x00000000c0000000, 0x00000000c5400000, 0x00000000eab00000)
  object space 86016K, 0% used [0x00000000c0000000,0x00000000c0000000,0x00000000c5400000)
 Metaspace       used 6309K, capacity 6562K, committed 6784K, reserved 1056768K
  class space    used 806K, capacity 866K, committed 896K, reserved 1048576K
Event: 1.903 GC heap after
Heap after GC invocations=1 (full 0):
 PSYoungGen      total 37888K, used 4331K [0x00000000eab00000, 0x00000000ed500000, 0x0000000100000000)
  eden space 32768K, 0% used [0x00000000eab00000,0x00000000eab00000,0x00000000ecb00000)
  from space 5120K, 84% used [0x00000000ecb00000,0x00000000ecf3ad90,0x00000000ed000000)
  to   space 5120K, 0% used [0x00000000ed000000,0x00000000ed000000,0x00000000ed500000)
 ParOldGen       total 86016K, used 8K [0x00000000c0000000, 0x00000000c5400000, 0x00000000eab00000)
  object space 86016K, 0% used [0x00000000c0000000,0x00000000c0002000,0x00000000c5400000)
 Metaspace       used 6309K, capacity 6562K, committed 6784K, reserved 1056768K
  class space    used 806K, capacity 866K, committed 896K, reserved 1048576K
}
Event: 3.070 GC heap before
{Heap before GC invocations=2 (full 0):
 PSYoungGen      total 37888K, used 37099K [0x00000000eab00000, 0x00000000ed500000, 0x0000000100000000)
  eden space 32768K, 100% used [0x00000000eab00000,0x00000000ecb00000,0x00000000ecb00000)
  from space 5120K, 84% used [0x00000000ecb00000,0x00000000ecf3ad90,0x00000000ed000000)
  to   space 5120K, 0% used [0x00000000ed000000,0x00000000ed000000,0x00000000ed500000)
 ParOldGen       total 86016K, used 8K [0x00000000c0000000, 0x00000000c5400000, 0x00000000eab00000)
  object space 86016K, 0% used [0x00000000c0000000,0x00000000c0002000,0x00000000c5400000)
 Metaspace       used 12428K, capacity 12770K, committed 13056K, reserved 1060864K
  class space    used 1678K, capacity 1787K, committed 1792K, reserved 1048576K
Event: 3.080 GC heap after
Heap after GC invocations=2 (full 0):
 PSYoungGen      total 37888K, used 5102K [0x00000000eab00000, 0x00000000ed500000, 0x0000000100000000)
  eden space 32768K, 0% used [0x00000000eab00000,0x00000000eab00000,0x00000000ecb00000)
  from space 5120K, 99% used [0x00000000ed000000,0x00000000ed4fba48,0x00000000ed500000)
  to   space 5120K, 0% used [0x00000000ecb00000,0x00000000ecb00000,0x00000000ed000000)
 ParOldGen       total 86016K, used 865K [0x00000000c0000000, 0x00000000c5400000, 0x00000000eab00000)
  object space 86016K, 1% used [0x00000000c0000000,0x00000000c00d8518,0x00000000c5400000)
 Metaspace       used 12428K, capacity 12770K, committed 13056K, reserved 1060864K
  class space    used 1678K, capacity 1787K, committed 1792K, reserved 1048576K
}

Deoptimization events (10 events):
Event: 1.964 Thread 0x0000000002f4e000 Uncommon trap: reason=bimorphic action=maybe_recompile pc=0x0000000003298260 method=java.util.regex.Pattern$Slice.match(Ljava/util/regex/Matcher;ILjava/lang/CharSequence;)Z @ 75
Event: 2.001 Thread 0x0000000002f4e000 Uncommon trap: reason=class_check action=maybe_recompile pc=0x000000000329819c method=java.util.regex.Matcher.match(II)Z @ 86
Event: 2.055 Thread 0x0000000002f4e000 Uncommon trap: reason=unstable_if action=reinterpret pc=0x00000000032fe4c8 method=java.util.HashMap.getNode(ILjava/lang/Object;)Ljava/util/HashMap$Node; @ 129
Event: 2.055 Thread 0x0000000002f4e000 Uncommon trap: reason=bimorphic action=maybe_recompile pc=0x00000000032c0430 method=java.util.HashMap.putVal(ILjava/lang/Object;Ljava/lang/Object;ZZ)Ljava/lang/Object; @ 203
Event: 2.119 Thread 0x0000000002f4e000 Uncommon trap: reason=unstable_if action=reinterpret pc=0x000000000331fe70 method=java.io.WinNTFileSystem.normalize(Ljava/lang/String;)Ljava/lang/String; @ 128
Event: 2.119 Thread 0x0000000002f4e000 Uncommon trap: reason=unstable_if action=reinterpret pc=0x00000000032f7500 method=java.io.WinNTFileSystem.normalize(Ljava/lang/String;II)Ljava/lang/String; @ 90
Event: 2.163 Thread 0x0000000002f4e000 Uncommon trap: reason=unstable_if action=reinterpret pc=0x0000000003340c58 method=java.lang.String.substring(I)Ljava/lang/String; @ 35
Event: 2.906 Thread 0x0000000017a5c800 Uncommon trap: reason=unstable_if action=reinterpret pc=0x0000000003488cec method=sun.nio.cs.ext.DoubleByte$Encoder.encodeArrayLoop(Ljava/nio/CharBuffer;Ljava/nio/ByteBuffer;)Ljava/nio/charset/CoderResult; @ 218
Event: 2.914 Thread 0x0000000017a5c800 Uncommon trap: reason=bimorphic action=maybe_recompile pc=0x00000000032bfc98 method=java.util.HashMap.putVal(ILjava/lang/Object;Ljava/lang/Object;ZZ)Ljava/lang/Object; @ 91
Event: 2.915 Thread 0x0000000017a5c800 Uncommon trap: reason=bimorphic action=maybe_recompile pc=0x00000000032bfc98 method=java.util.HashMap.putVal(ILjava/lang/Object;Ljava/lang/Object;ZZ)Ljava/lang/Object; @ 91

Internal exceptions (10 events):
Event: 3.681 Thread 0x0000000017a5c800 Exception <a 'java/lang/ClassNotFoundException': groovy/lang/ExpandoMetaClassBeanInfo> (0x00000000eba1d110) thrown at [C:\re\workspace\8-2-build-windows-amd64-cygwin\jdk8u131\8869\hotspot\src\share\vm\classfile\systemDictionary.cpp, line 210]
Event: 3.681 Thread 0x0000000017a5c800 Exception <a 'java/lang/ClassNotFoundException': groovy/lang/MetaClassImplBeanInfo> (0x00000000eba27dd0) thrown at [C:\re\workspace\8-2-build-windows-amd64-cygwin\jdk8u131\8869\hotspot\src\share\vm\classfile\systemDictionary.cpp, line 210]
Event: 3.682 Thread 0x0000000017a5c800 Exception <a 'java/lang/ClassNotFoundException': java/lang/ObjectBeanInfo> (0x00000000eba2cd58) thrown at [C:\re\workspace\8-2-build-windows-amd64-cygwin\jdk8u131\8869\hotspot\src\share\vm\classfile\systemDictionary.cpp, line 210]
Event: 3.682 Thread 0x0000000017a5c800 Exception <a 'java/lang/ClassNotFoundException': java/lang/ObjectCustomizer> (0x00000000eba31e28) thrown at [C:\re\workspace\8-2-build-windows-amd64-cygwin\jdk8u131\8869\hotspot\src\share\vm\classfile\systemDictionary.cpp, line 210]
Event: 3.685 Thread 0x0000000017a5c800 Exception <a 'java/lang/ClassNotFoundException': groovy/lang/MetaClassImplCustomizer> (0x00000000eba44818) thrown at [C:\re\workspace\8-2-build-windows-amd64-cygwin\jdk8u131\8869\hotspot\src\share\vm\classfile\systemDictionary.cpp, line 210]
Event: 3.688 Thread 0x0000000017a5c800 Exception <a 'java/lang/ClassNotFoundException': groovy/lang/ExpandoMetaClassCustomizer> (0x00000000eba78760) thrown at [C:\re\workspace\8-2-build-windows-amd64-cygwin\jdk8u131\8869\hotspot\src\share\vm\classfile\systemDictionary.cpp, line 210]
Event: 3.697 Thread 0x0000000017a5c800 Exception <a 'java/lang/ClassNotFoundException': org/gradle/api/internal/plugins/DefaultExtraPropertiesExtensionBeanInfo> (0x00000000ebaf8c90) thrown at [C:\re\workspace\8-2-build-windows-amd64-cygwin\jdk8u131\8869\hotspot\src\share\vm\classfile\systemDic
Event: 3.697 Thread 0x0000000017a5c800 Exception <a 'java/lang/ClassNotFoundException': groovy/lang/GroovyObjectSupportBeanInfo> (0x00000000ebb04ac8) thrown at [C:\re\workspace\8-2-build-windows-amd64-cygwin\jdk8u131\8869\hotspot\src\share\vm\classfile\systemDictionary.cpp, line 210]
Event: 3.697 Thread 0x0000000017a5c800 Exception <a 'java/lang/ClassNotFoundException': groovy/lang/GroovyObjectSupportCustomizer> (0x00000000ebb10c88) thrown at [C:\re\workspace\8-2-build-windows-amd64-cygwin\jdk8u131\8869\hotspot\src\share\vm\classfile\systemDictionary.cpp, line 210]
Event: 3.698 Thread 0x0000000017a5c800 Exception <a 'java/lang/ClassNotFoundException': org/gradle/api/internal/plugins/DefaultExtraPropertiesExtensionCustomizer> (0x00000000ebb270c8) thrown at [C:\re\workspace\8-2-build-windows-amd64-cygwin\jdk8u131\8869\hotspot\src\share\vm\classfile\systemD

Events (10 events):
Event: 3.799 loading class com/google/common/cache/RemovalListener
Event: 3.799 loading class com/google/common/cache/RemovalListener done
Event: 3.800 loading class com/google/common/cache/LocalCache$EntryFactory
Event: 3.800 loading class com/google/common/cache/LocalCache$EntryFactory done
Event: 3.800 loading class com/google/common/cache/LocalCache$EntryFactory$1
Event: 3.800 loading class com/google/common/cache/LocalCache$EntryFactory$1 done
Event: 3.800 loading class com/google/common/cache/LocalCache$EntryFactory$2
Event: 3.800 loading class com/google/common/cache/LocalCache$EntryFactory$2 done
Event: 3.800 loading class com/google/common/cache/LocalCache$EntryFactory$3
Event: 3.800 loading class com/google/common/cache/LocalCache$EntryFactory$3 done


Dynamic libraries:
0x00007ff7f4870000 - 0x00007ff7f48a7000 	D:\Java\jdk1.8.0_131\bin\java.exe
0x00007ffa89670000 - 0x00007ffa8984b000 	C:\Windows\SYSTEM32\ntdll.dll
0x00007ffa88ea0000 - 0x00007ffa88f4e000 	C:\Windows\System32\KERNEL32.DLL
0x00007ffa866b0000 - 0x00007ffa868f9000 	C:\Windows\System32\KERNELBASE.dll
0x00007ffa89550000 - 0x00007ffa895f1000 	C:\Windows\System32\ADVAPI32.dll
0x00007ffa88d80000 - 0x00007ffa88e1d000 	C:\Windows\System32\msvcrt.dll
0x00007ffa88f80000 - 0x00007ffa88fd9000 	C:\Windows\System32\sechost.dll
0x00007ffa88c50000 - 0x00007ffa88d75000 	C:\Windows\System32\RPCRT4.dll
0x00007ffa86ed0000 - 0x00007ffa8701a000 	C:\Windows\System32\USER32.dll
0x00007ffa86450000 - 0x00007ffa8646e000 	C:\Windows\System32\win32u.dll
0x00007ffa87020000 - 0x00007ffa87047000 	C:\Windows\System32\GDI32.dll
0x00007ffa86520000 - 0x00007ffa866a8000 	C:\Windows\System32\gdi32full.dll
0x00007ffa86b30000 - 0x00007ffa86bca000 	C:\Windows\System32\msvcp_win.dll
0x00007ffa86290000 - 0x00007ffa86386000 	C:\Windows\System32\ucrtbase.dll
0x00007ffa7ada0000 - 0x00007ffa7b007000 	C:\Windows\WinSxS\amd64_microsoft.windows.common-controls_6595b64144ccf1df_6.0.15063.0_none_108e4f62dfe5d999\COMCTL32.dll
0x00007ffa86bd0000 - 0x00007ffa86ec9000 	C:\Windows\System32\combase.dll
0x00007ffa863e0000 - 0x00007ffa8644a000 	C:\Windows\System32\bcryptPrimitives.dll
0x00007ffa88f50000 - 0x00007ffa88f7d000 	C:\Windows\System32\IMM32.DLL
0x0000000052a40000 - 0x0000000052b12000 	D:\Java\jdk1.8.0_131\jre\bin\msvcr100.dll
0x00000000517f0000 - 0x000000005208c000 	D:\Java\jdk1.8.0_131\jre\bin\server\jvm.dll
0x00007ffa89600000 - 0x00007ffa89608000 	C:\Windows\System32\PSAPI.DLL
0x00007ffa840a0000 - 0x00007ffa840a9000 	C:\Windows\SYSTEM32\WSOCK32.dll
0x00007ffa87580000 - 0x00007ffa875ec000 	C:\Windows\System32\WS2_32.dll
0x00007ffa83fc0000 - 0x00007ffa83fe3000 	C:\Windows\SYSTEM32\WINMM.dll
0x00007ffa79440000 - 0x00007ffa7944a000 	C:\Windows\SYSTEM32\VERSION.dll
0x00007ffa83f90000 - 0x00007ffa83fbb000 	C:\Windows\SYSTEM32\WINMMBASE.dll
0x00007ffa86390000 - 0x00007ffa863d9000 	C:\Windows\System32\cfgmgr32.dll
0x0000000052a30000 - 0x0000000052a3f000 	D:\Java\jdk1.8.0_131\jre\bin\verify.dll
0x0000000052a00000 - 0x0000000052a29000 	D:\Java\jdk1.8.0_131\jre\bin\java.dll
0x00000000529e0000 - 0x00000000529f6000 	D:\Java\jdk1.8.0_131\jre\bin\zip.dll
0x00007ffa87760000 - 0x00007ffa88b97000 	C:\Windows\System32\SHELL32.dll
0x00007ffa88ba0000 - 0x00007ffa88c4a000 	C:\Windows\System32\shcore.dll
0x00007ffa85b90000 - 0x00007ffa86282000 	C:\Windows\System32\windows.storage.dll
0x00007ffa87050000 - 0x00007ffa870a1000 	C:\Windows\System32\shlwapi.dll
0x00007ffa85b30000 - 0x00007ffa85b41000 	C:\Windows\System32\kernel.appcore.dll
0x00007ffa85ae0000 - 0x00007ffa85b2c000 	C:\Windows\System32\powrprof.dll
0x00007ffa85b50000 - 0x00007ffa85b65000 	C:\Windows\System32\profapi.dll
0x00000000529c0000 - 0x00000000529da000 	D:\Java\jdk1.8.0_131\jre\bin\net.dll
0x00007ffa85360000 - 0x00007ffa853bc000 	C:\Windows\system32\mswsock.dll
0x00000000529a0000 - 0x00000000529b1000 	D:\Java\jdk1.8.0_131\jre\bin\nio.dll
0x00007ffa84080000 - 0x00007ffa84092000 	C:\Users\Peter\.gradle\native\19\windows-amd64\native-platform.dll
0x00007ffa85500000 - 0x00007ffa85517000 	C:\Windows\SYSTEM32\CRYPTSP.dll
0x00007ffa84f80000 - 0x00007ffa84fb4000 	C:\Windows\system32\rsaenh.dll
0x00007ffa859b0000 - 0x00007ffa859d5000 	C:\Windows\SYSTEM32\bcrypt.dll
0x00007ffa859e0000 - 0x00007ffa85a09000 	C:\Windows\SYSTEM32\USERENV.dll
0x00007ffa85520000 - 0x00007ffa8552b000 	C:\Windows\SYSTEM32\CRYPTBASE.dll
0x00007ffa85100000 - 0x00007ffa85137000 	C:\Windows\SYSTEM32\IPHLPAPI.DLL
0x00007ffa88fe0000 - 0x00007ffa88fe8000 	C:\Windows\System32\NSI.dll
0x00007ffa7e980000 - 0x00007ffa7e996000 	C:\Windows\SYSTEM32\dhcpcsvc6.DLL
0x00007ffa7e960000 - 0x00007ffa7e97a000 	C:\Windows\SYSTEM32\dhcpcsvc.DLL
0x0000000052990000 - 0x000000005299d000 	D:\Java\jdk1.8.0_131\jre\bin\management.dll

VM Arguments:
jvm_args: -XX:MaxPermSize=256m -XX:+HeapDumpOnOutOfMemoryError -Xmx1024m -Dfile.encoding=GBK -Duser.country=CN -Duser.language=zh -Duser.variant 
java_command: org.gradle.launcher.daemon.bootstrap.GradleDaemon 2.14.1
java_class_path (initial): C:\Users\Peter\.gradle\wrapper\dists\gradle-2.14.1-all\8bnwg5hd3w55iofp58khbp6yv\gradle-2.14.1\lib\gradle-launcher-2.14.1.jar
Launcher Type: SUN_STANDARD

Environment Variables:
JAVA_HOME=D:\Java\jdk1.8.0_131
CLASSPATH=D:\projects\rn\android\\gradle\wrapper\gradle-wrapper.jar
PATH=C:\Python27\;C:\Python27\Scripts;C:\ProgramData\Oracle\Java\javapath;C:\Windows\system32;C:\Windows;C:\Windows\System32\Wbem;C:\Windows\System32\WindowsPowerShell\v1.0\;C:\Users\Peter\AppData\Local\Microsoft\WindowsApps;D:\nvm;D:\Program Files\nodejs;D:\Java\jdk1.8.0_131\bin;D:\sdk;D:\sdk\tools;D:\sdk\platform-tools;C:\Program Files\Git\cmd;C:\ProgramData\chocolatey\bin;C:\Program Files (x86)\Windows Kits\10\Windows Performance Toolkit\;C:\Users\Peter\AppData\Local\Microsoft\WindowsApps;C:\Users\Peter\AppData\Local\atom\bin;
USERNAME=Peter
OS=Windows_NT
PROCESSOR_IDENTIFIER=Intel64 Family 6 Model 60 Stepping 3, GenuineIntel



---------------  S Y S T E M  ---------------

OS: Windows 10.0 , 64 bit Build 15063 (10.0.15063.296)

CPU:total 2 (initial active 2) (2 cores per cpu, 1 threads per core) family 6 model 60 stepping 3, cmov, cx8, fxsr, mmx, sse, sse2, sse3, ssse3, sse4.1, sse4.2, popcnt, clmul, erms, lzcnt, tsc, tscinvbit

Memory: 4k page, physical 8256848k(5173156k free), swap 16057164k(5120k free)

vm_info: Java HotSpot(TM) 64-Bit Server VM (25.131-b11) for windows-amd64 JRE (1.8.0_131-b11), built on Mar 15 2017 01:23:53 by "java_re" with MS VC++ 10.0 (VS2010)

time: Wed Jul 05 19:40:56 2017
elapsed time: 3 seconds (0d 0h 0m 3s)

