#
# There is insufficient memory for the Java Runtime Environment to continue.
# Native memory allocation (malloc) failed to allocate 396272 bytes for Chunk::new
# Possible reasons:
#   The system is out of physical RAM or swap space
#   In 32 bit mode, the process size limit was hit
# Possible solutions:
#   Reduce memory load on the system
#   Increase physical memory or swap space
#   Check if swap backing store is full
#   Use 64 bit Java on a 64 bit OS
#   Decrease Java heap size (-Xmx/-Xms)
#   Decrease number of Java threads
#   Decrease Java thread stack sizes (-Xss)
#   Set larger code cache with -XX:ReservedCodeCacheSize=
# This output file may be truncated or incomplete.
#
#  Out of Memory Error (allocation.cpp:390), pid=13216, tid=0x0000000000003210
#
# JRE version: Java(TM) SE Runtime Environment (8.0_131-b11) (build 1.8.0_131-b11)
# Java VM: Java HotSpot(TM) 64-Bit Server VM (25.131-b11 mixed mode windows-amd64 compressed oops)
# Failed to write core dump. Minidumps are not enabled by default on client versions of Windows
#

---------------  T H R E A D  ---------------

Current thread (0x0000000014d91800):  JavaThread "C2 CompilerThread0" daemon [_thread_in_native, id=12816, stack(0x0000000015c60000,0x0000000015d60000)]

Stack: [0x0000000015c60000,0x0000000015d60000]
[error occurred during error reporting (printing stack bounds), id 0xc0000005]

Native frames: (J=compiled Java code, j=interpreted, Vv=VM code, C=native code)


Current CompileTask:
C2:  25544 6052       4       groovy.lang.MetaClassImpl$1MOPIter::methodNameAction (479 bytes)


---------------  P R O C E S S  ---------------

Java Threads: ( => current thread )
  0x0000000017c61800 JavaThread "File lock request listener" [_thread_in_native, id=8156, stack(0x000000001b330000,0x000000001b430000)]
  0x000000001732e000 JavaThread "Stdin handler" [_thread_blocked, id=13168, stack(0x00000000187e0000,0x00000000188e0000)]
  0x000000001732b000 JavaThread "Asynchronous log dispatcher for org.gradle.launcher.daemon.server.DefaultDaemonConnection@430fc440" [_thread_blocked, id=12724, stack(0x00000000186e0000,0x00000000187e0000)]
  0x0000000017318000 JavaThread "Daemon worker" [_thread_in_vm, id=11620, stack(0x00000000185e0000,0x00000000186e0000)]
  0x0000000017313800 JavaThread "Cancel handler" [_thread_blocked, id=12076, stack(0x00000000182e0000,0x00000000183e0000)]
  0x0000000017309800 JavaThread "Handler for socket connection from /127.0.0.1:54810 to /127.0.0.1:54811" [_thread_in_native, id=2272, stack(0x00000000181e0000,0x00000000182e0000)]
  0x0000000017309000 JavaThread "Daemon" [_thread_blocked, id=2656, stack(0x00000000180e0000,0x00000000181e0000)]
  0x00000000171ee800 JavaThread "Incoming local TCP Connector on port 54810" [_thread_in_native, id=11528, stack(0x0000000017fe0000,0x00000000180e0000)]
  0x00000000171c6000 JavaThread "pool-1-thread-1" [_thread_blocked, id=6576, stack(0x0000000016c60000,0x0000000016d60000)]
  0x0000000015d7a000 JavaThread "Service Thread" daemon [_thread_blocked, id=2156, stack(0x0000000016260000,0x0000000016360000)]
  0x0000000014dcb800 JavaThread "C1 CompilerThread1" daemon [_thread_blocked, id=8764, stack(0x0000000016160000,0x0000000016260000)]
=>0x0000000014d91800 JavaThread "C2 CompilerThread0" daemon [_thread_in_native, id=12816, stack(0x0000000015c60000,0x0000000015d60000)]
  0x0000000014d90000 JavaThread "Attach Listener" daemon [_thread_blocked, id=9604, stack(0x0000000015b60000,0x0000000015c60000)]
  0x0000000014d8d000 JavaThread "Signal Dispatcher" daemon [_thread_blocked, id=11176, stack(0x0000000015a60000,0x0000000015b60000)]
  0x0000000014d18800 JavaThread "Finalizer" daemon [_thread_blocked, id=13256, stack(0x0000000015960000,0x0000000015a60000)]
  0x000000000288d000 JavaThread "Reference Handler" daemon [_thread_blocked, id=3752, stack(0x0000000015860000,0x0000000015960000)]
  0x00000000003ee000 JavaThread "main" [_thread_blocked, id=880, stack(0x00000000025a0000,0x00000000026a0000)]

Other Threads:
  0x0000000014cf6800 VMThread [stack: 0x0000000015760000,0x0000000015860000] [id=12860]
  0x0000000015d8f800 WatcherThread [stack: 0x0000000016360000,0x0000000016460000] [id=10540]

VM state:not at safepoint (normal execution)

VM Mutex/Monitor currently owned by a thread: None

Heap:
 PSYoungGen      total 79872K, used 45816K [0x00000000eab00000, 0x00000000f0600000, 0x0000000100000000)
  eden space 68608K, 51% used [0x00000000eab00000,0x00000000ecdafea8,0x00000000eee00000)
  from space 11264K, 91% used [0x00000000efa00000,0x00000000f040e390,0x00000000f0500000)
  to   space 12288K, 0% used [0x00000000eee00000,0x00000000eee00000,0x00000000efa00000)
 ParOldGen       total 123392K, used 16870K [0x00000000c0000000, 0x00000000c7880000, 0x00000000eab00000)
  object space 123392K, 13% used [0x00000000c0000000,0x00000000c1079b60,0x00000000c7880000)
 Metaspace       used 46524K, capacity 47658K, committed 47872K, reserved 1091584K
  class space    used 6343K, capacity 6638K, committed 6656K, reserved 1048576K

Card table byte_map: [0x0000000011c60000,0x0000000011e70000] byte_map_base: 0x0000000011660000

Marking Bits: (ParMarkBitMap*) 0x000000005200c720
 Begin Bits: [0x00000000121d0000, 0x00000000131d0000)
 End Bits:   [0x00000000131d0000, 0x00000000141d0000)

Polling page: 0x00000000003c0000

CodeCache: size=245760Kb used=19548Kb max_used=19548Kb free=226211Kb
 bounds [0x00000000028a0000, 0x0000000003be0000, 0x00000000118a0000]
 total_blobs=6143 nmethods=5439 adapters=616
 compilation: enabled

Compilation events (10 events):
Event: 25.462 Thread 0x0000000014dcb800 nmethod 6047 0x0000000003bc0a90 code [0x0000000003bc1200, 0x0000000003bc6818]
Event: 25.462 Thread 0x0000000014dcb800 6048       3       org.objectweb.asm.ClassWriter::toByteArray (1297 bytes)
Event: 25.465 Thread 0x0000000014dcb800 nmethod 6048 0x0000000003bc97d0 code [0x0000000003bc9fe0, 0x0000000003bcdd58]
Event: 25.466 Thread 0x0000000014dcb800 6049       3       org.gradle.api.internal.DefaultDomainObjectCollection::add (10 bytes)
Event: 25.466 Thread 0x0000000014dcb800 nmethod 6049 0x0000000003bb7950 code [0x0000000003bb7b00, 0x0000000003bb80e8]
Event: 25.466 Thread 0x0000000014dcb800 6050       3       org.gradle.api.internal.DefaultDomainObjectCollection::doAdd (35 bytes)
Event: 25.466 Thread 0x0000000014dcb800 nmethod 6050 0x0000000003bb7150 code [0x0000000003bb7300, 0x0000000003bb77f8]
Event: 25.482 Thread 0x0000000014dcb800 6051       3       java.util.LinkedList::remove (15 bytes)
Event: 25.482 Thread 0x0000000014dcb800 nmethod 6051 0x0000000003bb6950 code [0x0000000003bb6b00, 0x0000000003bb6f78]
Event: 25.483 Thread 0x0000000014d91800 6052       4       groovy.lang.MetaClassImpl$1MOPIter::methodNameAction (479 bytes)

GC Heap History (10 events):
Event: 16.731 GC heap before
{Heap before GC invocations=12 (full 2):
 PSYoungGen      total 61952K, used 9765K [0x00000000eab00000, 0x00000000ef800000, 0x0000000100000000)
  eden space 50688K, 0% used [0x00000000eab00000,0x00000000eab00000,0x00000000edc80000)
  from space 11264K, 86% used [0x00000000ee880000,0x00000000ef2094c8,0x00000000ef380000)
  to   space 12288K, 0% used [0x00000000edc80000,0x00000000edc80000,0x00000000ee880000)
 ParOldGen       total 74240K, used 8698K [0x00000000c0000000, 0x00000000c4880000, 0x00000000eab00000)
  object space 74240K, 11% used [0x00000000c0000000,0x00000000c087e978,0x00000000c4880000)
 Metaspace       used 34773K, capacity 35326K, committed 35496K, reserved 1079296K
  class space    used 4710K, capacity 4840K, committed 4864K, reserved 1048576K
Event: 16.916 GC heap after
Heap after GC invocations=12 (full 2):
 PSYoungGen      total 61952K, used 0K [0x00000000eab00000, 0x00000000ef800000, 0x0000000100000000)
  eden space 50688K, 0% used [0x00000000eab00000,0x00000000eab00000,0x00000000edc80000)
  from space 11264K, 0% used [0x00000000ee880000,0x00000000ee880000,0x00000000ef380000)
  to   space 12288K, 0% used [0x00000000edc80000,0x00000000edc80000,0x00000000ee880000)
 ParOldGen       total 123392K, used 16774K [0x00000000c0000000, 0x00000000c7880000, 0x00000000eab00000)
  object space 123392K, 13% used [0x00000000c0000000,0x00000000c1061b50,0x00000000c7880000)
 Metaspace       used 34773K, capacity 35326K, committed 35496K, reserved 1079296K
  class space    used 4710K, capacity 4840K, committed 4864K, reserved 1048576K
}
Event: 19.640 GC heap before
{Heap before GC invocations=13 (full 2):
 PSYoungGen      total 61952K, used 50688K [0x00000000eab00000, 0x00000000ef800000, 0x0000000100000000)
  eden space 50688K, 100% used [0x00000000eab00000,0x00000000edc80000,0x00000000edc80000)
  from space 11264K, 0% used [0x00000000ee880000,0x00000000ee880000,0x00000000ef380000)
  to   space 12288K, 0% used [0x00000000edc80000,0x00000000edc80000,0x00000000ee880000)
 ParOldGen       total 123392K, used 16774K [0x00000000c0000000, 0x00000000c7880000, 0x00000000eab00000)
  object space 123392K, 13% used [0x00000000c0000000,0x00000000c1061b50,0x00000000c7880000)
 Metaspace       used 38067K, capacity 38728K, committed 39040K, reserved 1083392K
  class space    used 5255K, capacity 5465K, committed 5504K, reserved 1048576K
Event: 19.649 GC heap after
Heap after GC invocations=13 (full 2):
 PSYoungGen      total 62976K, used 5177K [0x00000000eab00000, 0x00000000efc00000, 0x0000000100000000)
  eden space 50688K, 0% used [0x00000000eab00000,0x00000000eab00000,0x00000000edc80000)
  from space 12288K, 42% used [0x00000000edc80000,0x00000000ee18e518,0x00000000ee880000)
  to   space 11776K, 0% used [0x00000000ef080000,0x00000000ef080000,0x00000000efc00000)
 ParOldGen       total 123392K, used 16782K [0x00000000c0000000, 0x00000000c7880000, 0x00000000eab00000)
  object space 123392K, 13% used [0x00000000c0000000,0x00000000c1063b50,0x00000000c7880000)
 Metaspace       used 38067K, capacity 38728K, committed 39040K, reserved 1083392K
  class space    used 5255K, capacity 5465K, committed 5504K, reserved 1048576K
}
Event: 20.466 GC heap before
{Heap before GC invocations=14 (full 2):
 PSYoungGen      total 62976K, used 55865K [0x00000000eab00000, 0x00000000efc00000, 0x0000000100000000)
  eden space 50688K, 100% used [0x00000000eab00000,0x00000000edc80000,0x00000000edc80000)
  from space 12288K, 42% used [0x00000000edc80000,0x00000000ee18e518,0x00000000ee880000)
  to   space 11776K, 0% used [0x00000000ef080000,0x00000000ef080000,0x00000000efc00000)
 ParOldGen       total 123392K, used 16782K [0x00000000c0000000, 0x00000000c7880000, 0x00000000eab00000)
  object space 123392K, 13% used [0x00000000c0000000,0x00000000c1063b50,0x00000000c7880000)
 Metaspace       used 41335K, capacity 42038K, committed 42240K, reserved 1085440K
  class space    used 5594K, capacity 5830K, committed 5888K, reserved 1048576K
Event: 20.474 GC heap after
Heap after GC invocations=14 (full 2):
 PSYoungGen      total 71168K, used 7060K [0x00000000eab00000, 0x00000000efc00000, 0x0000000100000000)
  eden space 59392K, 0% used [0x00000000eab00000,0x00000000eab00000,0x00000000ee500000)
  from space 11776K, 59% used [0x00000000ef080000,0x00000000ef765318,0x00000000efc00000)
  to   space 11776K, 0% used [0x00000000ee500000,0x00000000ee500000,0x00000000ef080000)
 ParOldGen       total 123392K, used 16790K [0x00000000c0000000, 0x00000000c7880000, 0x00000000eab00000)
  object space 123392K, 13% used [0x00000000c0000000,0x00000000c1065b50,0x00000000c7880000)
 Metaspace       used 41335K, capacity 42038K, committed 42240K, reserved 1085440K
  class space    used 5594K, capacity 5830K, committed 5888K, reserved 1048576K
}
Event: 21.363 GC heap before
{Heap before GC invocations=15 (full 2):
 PSYoungGen      total 71168K, used 66452K [0x00000000eab00000, 0x00000000efc00000, 0x0000000100000000)
  eden space 59392K, 100% used [0x00000000eab00000,0x00000000ee500000,0x00000000ee500000)
  from space 11776K, 59% used [0x00000000ef080000,0x00000000ef765318,0x00000000efc00000)
  to   space 11776K, 0% used [0x00000000ee500000,0x00000000ee500000,0x00000000ef080000)
 ParOldGen       total 123392K, used 16790K [0x00000000c0000000, 0x00000000c7880000, 0x00000000eab00000)
  object space 123392K, 13% used [0x00000000c0000000,0x00000000c1065b50,0x00000000c7880000)
 Metaspace       used 41646K, capacity 42404K, committed 42752K, reserved 1085440K
  class space    used 5611K, capacity 5837K, committed 5888K, reserved 1048576K
Event: 21.371 GC heap after
Heap after GC invocations=15 (full 2):
 PSYoungGen      total 71168K, used 7021K [0x00000000eab00000, 0x00000000f0500000, 0x0000000100000000)
  eden space 59392K, 0% used [0x00000000eab00000,0x00000000eab00000,0x00000000ee500000)
  from space 11776K, 59% used [0x00000000ee500000,0x00000000eebdb5d8,0x00000000ef080000)
  to   space 11264K, 0% used [0x00000000efa00000,0x00000000efa00000,0x00000000f0500000)
 ParOldGen       total 123392K, used 16862K [0x00000000c0000000, 0x00000000c7880000, 0x00000000eab00000)
  object space 123392K, 13% used [0x00000000c0000000,0x00000000c1077b60,0x00000000c7880000)
 Metaspace       used 41646K, capacity 42404K, committed 42752K, reserved 1085440K
  class space    used 5611K, capacity 5837K, committed 5888K, reserved 1048576K
}
Event: 24.565 GC heap before
{Heap before GC invocations=16 (full 2):
 PSYoungGen      total 71168K, used 66413K [0x00000000eab00000, 0x00000000f0500000, 0x0000000100000000)
  eden space 59392K, 100% used [0x00000000eab00000,0x00000000ee500000,0x00000000ee500000)
  from space 11776K, 59% used [0x00000000ee500000,0x00000000eebdb5d8,0x00000000ef080000)
  to   space 11264K, 0% used [0x00000000efa00000,0x00000000efa00000,0x00000000f0500000)
 ParOldGen       total 123392K, used 16862K [0x00000000c0000000, 0x00000000c7880000, 0x00000000eab00000)
  object space 123392K, 13% used [0x00000000c0000000,0x00000000c1077b60,0x00000000c7880000)
 Metaspace       used 44884K, capacity 45878K, committed 46080K, reserved 1089536K
  class space    used 6087K, capacity 6358K, committed 6400K, reserved 1048576K
Event: 24.579 GC heap after
Heap after GC invocations=16 (full 2):
 PSYoungGen      total 79872K, used 10296K [0x00000000eab00000, 0x00000000f0600000, 0x0000000100000000)
  eden space 68608K, 0% used [0x00000000eab00000,0x00000000eab00000,0x00000000eee00000)
  from space 11264K, 91% used [0x00000000efa00000,0x00000000f040e390,0x00000000f0500000)
  to   space 12288K, 0% used [0x00000000eee00000,0x00000000eee00000,0x00000000efa00000)
 ParOldGen       total 123392K, used 16870K [0x00000000c0000000, 0x00000000c7880000, 0x00000000eab00000)
  object space 123392K, 13% used [0x00000000c0000000,0x00000000c1079b60,0x00000000c7880000)
 Metaspace       used 44884K, capacity 45878K, committed 46080K, reserved 1089536K
  class space    used 6087K, capacity 6358K, committed 6400K, reserved 1048576K
}

Deoptimization events (10 events):
Event: 24.976 Thread 0x0000000017318000 Uncommon trap: reason=unstable_if action=reinterpret pc=0x00000000029b57bc method=org.objectweb.asm.Type.getArgumentsAndReturnSizes(Ljava/lang/String;)I @ 47
Event: 24.976 Thread 0x0000000017318000 Uncommon trap: reason=unstable_if action=reinterpret pc=0x0000000003aec770 method=org.objectweb.asm.Type.getArgumentsAndReturnSizes(Ljava/lang/String;)I @ 47
Event: 25.112 Thread 0x0000000017318000 Uncommon trap: reason=unstable_if action=reinterpret pc=0x00000000038db6e4 method=java.util.TreeMap.put(Ljava/lang/Object;Ljava/lang/Object;)Ljava/lang/Object; @ 163
Event: 25.115 Thread 0x0000000017318000 Uncommon trap: reason=unstable_if action=reinterpret pc=0x0000000003ad0244 method=org.gradle.api.internal.project.taskfactory.AnnotationProcessingTaskFactory$Validator.attachValidationAction(Lorg/gradle/api/internal/project/taskfactory/PropertyAnnotationH
Event: 25.134 Thread 0x0000000017318000 Uncommon trap: reason=unstable_if action=reinterpret pc=0x0000000003a07920 method=org.gradle.api.internal.ConventionAwareHelper.getConventionValue(Ljava/lang/Object;Ljava/lang/String;Z)Ljava/lang/Object; @ 19
Event: 25.352 Thread 0x0000000017318000 Uncommon trap: reason=unstable_if action=reinterpret pc=0x0000000002a429e8 method=java.lang.String.replace(CC)Ljava/lang/String; @ 2
Event: 25.354 Thread 0x0000000017318000 Uncommon trap: reason=unstable_if action=reinterpret pc=0x0000000003470af0 method=groovy.lang.MetaClassImpl.checkIfStdMethod(Lgroovy/lang/MetaMethod;)V @ 79
Event: 25.354 Thread 0x0000000017318000 Uncommon trap: reason=unstable_if action=reinterpret pc=0x000000000346d228 method=groovy.lang.MetaClassImpl.checkIfStdMethod(Lgroovy/lang/MetaMethod;)V @ 79
Event: 25.354 Thread 0x0000000017318000 Uncommon trap: reason=bimorphic action=maybe_recompile pc=0x00000000035637e0 method=org.codehaus.groovy.runtime.metaclass.MetaMethodIndex.addMethodToList(Ljava/lang/Object;Lgroovy/lang/MetaMethod;)Ljava/lang/Object; @ 91
Event: 25.354 Thread 0x0000000017318000 Uncommon trap: reason=unstable_if action=reinterpret pc=0x0000000003526888 method=org.codehaus.groovy.runtime.metaclass.MetaMethodIndex.copyNonPrivateNonNewMetaMethods(Lorg/codehaus/groovy/runtime/metaclass/MetaMethodIndex$Entry;Lorg/codehaus/groovy/runti

Internal exceptions (10 events):
Event: 25.357 Thread 0x0000000017318000 Exception <a 'java/lang/ClassNotFoundException': groovy/util/BuilderSupportBeanInfo> (0x00000000ec72d0e8) thrown at [C:\re\workspace\8-2-build-windows-amd64-cygwin\jdk8u131\8869\hotspot\src\share\vm\classfile\systemDictionary.cpp, line 210]
Event: 25.357 Thread 0x0000000017318000 Exception <a 'java/lang/ClassNotFoundException': groovy/util/BuilderSupportCustomizer> (0x00000000ec73a240) thrown at [C:\re\workspace\8-2-build-windows-amd64-cygwin\jdk8u131\8869\hotspot\src\share\vm\classfile\systemDictionary.cpp, line 210]
Event: 25.358 Thread 0x0000000017318000 Exception <a 'java/lang/ClassNotFoundException': groovy/util/AntBuilderCustomizer> (0x00000000ec7495a8) thrown at [C:\re\workspace\8-2-build-windows-amd64-cygwin\jdk8u131\8869\hotspot\src\share\vm\classfile\systemDictionary.cpp, line 210]
Event: 25.358 Thread 0x0000000017318000 Exception <a 'java/lang/ClassNotFoundException': org/gradle/api/AntBuilderCustomizer> (0x00000000ec75c550) thrown at [C:\re\workspace\8-2-build-windows-amd64-cygwin\jdk8u131\8869\hotspot\src\share\vm\classfile\systemDictionary.cpp, line 210]
Event: 25.358 Thread 0x0000000017318000 Exception <a 'java/lang/ClassNotFoundException': org/gradle/api/internal/project/ant/BasicAntBuilderCustomizer> (0x00000000ec77a808) thrown at [C:\re\workspace\8-2-build-windows-amd64-cygwin\jdk8u131\8869\hotspot\src\share\vm\classfile\systemDictionary.cp
Event: 25.359 Thread 0x0000000017318000 Exception <a 'java/lang/ClassNotFoundException': org/gradle/api/internal/project/DefaultAntBuilderCustomizer> (0x00000000ec79fbd0) thrown at [C:\re\workspace\8-2-build-windows-amd64-cygwin\jdk8u131\8869\hotspot\src\share\vm\classfile\systemDictionary.cpp,
Event: 25.424 Thread 0x0000000017318000 Exception <a 'java/lang/ClassNotFoundException': com/android/build/gradle/internal/tasks/DeviceProviderInstrumentTestTask_DecoratedBeanInfo> (0x00000000ec91d798) thrown at [C:\re\workspace\8-2-build-windows-amd64-cygwin\jdk8u131\8869\hotspot\src\share\vm\
Event: 25.424 Thread 0x0000000017318000 Exception <a 'java/lang/ClassNotFoundException': com/android/build/gradle/internal/tasks/DeviceProviderInstrumentTestTaskBeanInfo> (0x00000000ec932e60) thrown at [C:\re\workspace\8-2-build-windows-amd64-cygwin\jdk8u131\8869\hotspot\src\share\vm\classfile\
Event: 25.424 Thread 0x0000000017318000 Exception <a 'java/lang/ClassNotFoundException': com/android/build/gradle/internal/tasks/DeviceProviderInstrumentTestTaskCustomizer> (0x00000000ec948580) thrown at [C:\re\workspace\8-2-build-windows-amd64-cygwin\jdk8u131\8869\hotspot\src\share\vm\classfil
Event: 25.426 Thread 0x0000000017318000 Exception <a 'java/lang/ClassNotFoundException': com/android/build/gradle/internal/tasks/DeviceProviderInstrumentTestTask_DecoratedCustomizer> (0x00000000ec992018) thrown at [C:\re\workspace\8-2-build-windows-amd64-cygwin\jdk8u131\8869\hotspot\src\share\v

Events (10 events):
Event: 25.441 loading class com/android/build/gradle/api/BaseVariantOutput
Event: 25.441 loading class com/android/build/gradle/api/BaseVariantOutput done
Event: 25.441 loading class com/android/build/gradle/internal/api/BaseVariantOutputImpl
Event: 25.441 loading class com/android/build/gradle/internal/api/BaseVariantOutputImpl done
Event: 25.441 loading class com/android/build/gradle/tasks/ZipAlign
Event: 25.441 loading class com/android/build/gradle/tasks/ZipAlign done
Event: 25.459 loading class com/android/build/gradle/internal/api/UnitTestVariantImpl
Event: 25.459 loading class com/android/build/gradle/internal/api/UnitTestVariantImpl done
Event: 25.466 loading class groovy/runtime/metaclass/com/android/build/gradle/internal/api/ApplicationVariantImpl_DecoratedMetaClass
Event: 25.466 loading class groovy/runtime/metaclass/com/android/build/gradle/internal/api/ApplicationVariantImpl_DecoratedMetaClass done


Dynamic libraries:
0x00007ff7f4870000 - 0x00007ff7f48a7000 	D:\Java\jdk1.8.0_131\bin\java.exe
0x00007ffa89670000 - 0x00007ffa8984b000 	C:\Windows\SYSTEM32\ntdll.dll
0x00007ffa88ea0000 - 0x00007ffa88f4e000 	C:\Windows\System32\KERNEL32.DLL
0x00007ffa866b0000 - 0x00007ffa868f9000 	C:\Windows\System32\KERNELBASE.dll
0x00007ffa89550000 - 0x00007ffa895f1000 	C:\Windows\System32\ADVAPI32.dll
0x00007ffa88d80000 - 0x00007ffa88e1d000 	C:\Windows\System32\msvcrt.dll
0x00007ffa88f80000 - 0x00007ffa88fd9000 	C:\Windows\System32\sechost.dll
0x00007ffa88c50000 - 0x00007ffa88d75000 	C:\Windows\System32\RPCRT4.dll
0x00007ffa86ed0000 - 0x00007ffa8701a000 	C:\Windows\System32\USER32.dll
0x00007ffa86450000 - 0x00007ffa8646e000 	C:\Windows\System32\win32u.dll
0x00007ffa87020000 - 0x00007ffa87047000 	C:\Windows\System32\GDI32.dll
0x00007ffa86520000 - 0x00007ffa866a8000 	C:\Windows\System32\gdi32full.dll
0x00007ffa86b30000 - 0x00007ffa86bca000 	C:\Windows\System32\msvcp_win.dll
0x00007ffa86290000 - 0x00007ffa86386000 	C:\Windows\System32\ucrtbase.dll
0x00007ffa7ada0000 - 0x00007ffa7b007000 	C:\Windows\WinSxS\amd64_microsoft.windows.common-controls_6595b64144ccf1df_6.0.15063.0_none_108e4f62dfe5d999\COMCTL32.dll
0x00007ffa86bd0000 - 0x00007ffa86ec9000 	C:\Windows\System32\combase.dll
0x00007ffa863e0000 - 0x00007ffa8644a000 	C:\Windows\System32\bcryptPrimitives.dll
0x00007ffa88f50000 - 0x00007ffa88f7d000 	C:\Windows\System32\IMM32.DLL
0x0000000052a40000 - 0x0000000052b12000 	D:\Java\jdk1.8.0_131\jre\bin\msvcr100.dll
0x00000000517f0000 - 0x000000005208c000 	D:\Java\jdk1.8.0_131\jre\bin\server\jvm.dll
0x00007ffa89600000 - 0x00007ffa89608000 	C:\Windows\System32\PSAPI.DLL
0x00007ffa829d0000 - 0x00007ffa829d9000 	C:\Windows\SYSTEM32\WSOCK32.dll
0x00007ffa87580000 - 0x00007ffa875ec000 	C:\Windows\System32\WS2_32.dll
0x00007ffa83fc0000 - 0x00007ffa83fe3000 	C:\Windows\SYSTEM32\WINMM.dll
0x00007ffa79440000 - 0x00007ffa7944a000 	C:\Windows\SYSTEM32\VERSION.dll
0x00007ffa83f90000 - 0x00007ffa83fbb000 	C:\Windows\SYSTEM32\WINMMBASE.dll
0x00007ffa86390000 - 0x00007ffa863d9000 	C:\Windows\System32\cfgmgr32.dll
0x0000000052a30000 - 0x0000000052a3f000 	D:\Java\jdk1.8.0_131\jre\bin\verify.dll
0x0000000052a00000 - 0x0000000052a29000 	D:\Java\jdk1.8.0_131\jre\bin\java.dll
0x00000000529e0000 - 0x00000000529f6000 	D:\Java\jdk1.8.0_131\jre\bin\zip.dll
0x00007ffa87760000 - 0x00007ffa88b97000 	C:\Windows\System32\SHELL32.dll
0x00007ffa88ba0000 - 0x00007ffa88c4a000 	C:\Windows\System32\shcore.dll
0x00007ffa85b90000 - 0x00007ffa86282000 	C:\Windows\System32\windows.storage.dll
0x00007ffa87050000 - 0x00007ffa870a1000 	C:\Windows\System32\shlwapi.dll
0x00007ffa85b30000 - 0x00007ffa85b41000 	C:\Windows\System32\kernel.appcore.dll
0x00007ffa85ae0000 - 0x00007ffa85b2c000 	C:\Windows\System32\powrprof.dll
0x00007ffa85b50000 - 0x00007ffa85b65000 	C:\Windows\System32\profapi.dll
0x00000000529c0000 - 0x00000000529da000 	D:\Java\jdk1.8.0_131\jre\bin\net.dll
0x00007ffa85360000 - 0x00007ffa853bc000 	C:\Windows\system32\mswsock.dll
0x00000000529a0000 - 0x00000000529b1000 	D:\Java\jdk1.8.0_131\jre\bin\nio.dll
0x00007ffa82a10000 - 0x00007ffa82a22000 	C:\Users\Peter\.gradle\native\19\windows-amd64\native-platform.dll
0x00007ffa85500000 - 0x00007ffa85517000 	C:\Windows\SYSTEM32\CRYPTSP.dll
0x00007ffa84f80000 - 0x00007ffa84fb4000 	C:\Windows\system32\rsaenh.dll
0x00007ffa859b0000 - 0x00007ffa859d5000 	C:\Windows\SYSTEM32\bcrypt.dll
0x00007ffa859e0000 - 0x00007ffa85a09000 	C:\Windows\SYSTEM32\USERENV.dll
0x00007ffa85520000 - 0x00007ffa8552b000 	C:\Windows\SYSTEM32\CRYPTBASE.dll
0x00007ffa85100000 - 0x00007ffa85137000 	C:\Windows\SYSTEM32\IPHLPAPI.DLL
0x00007ffa88fe0000 - 0x00007ffa88fe8000 	C:\Windows\System32\NSI.dll
0x00007ffa7e980000 - 0x00007ffa7e996000 	C:\Windows\SYSTEM32\dhcpcsvc6.DLL
0x00007ffa7e960000 - 0x00007ffa7e97a000 	C:\Windows\SYSTEM32\dhcpcsvc.DLL
0x0000000052990000 - 0x000000005299d000 	D:\Java\jdk1.8.0_131\jre\bin\management.dll

VM Arguments:
jvm_args: -XX:MaxPermSize=256m -XX:+HeapDumpOnOutOfMemoryError -Xmx1024m -Dfile.encoding=GBK -Duser.country=CN -Duser.language=zh -Duser.variant 
java_command: org.gradle.launcher.daemon.bootstrap.GradleDaemon 2.14.1
java_class_path (initial): C:\Users\Peter\.gradle\wrapper\dists\gradle-2.14.1-all\8bnwg5hd3w55iofp58khbp6yv\gradle-2.14.1\lib\gradle-launcher-2.14.1.jar
Launcher Type: SUN_STANDARD

Environment Variables:
JAVA_HOME=D:\Java\jdk1.8.0_131
CLASSPATH=D:\projects\rn\android\\gradle\wrapper\gradle-wrapper.jar
PATH=C:\Python27\;C:\Python27\Scripts;C:\ProgramData\Oracle\Java\javapath;C:\Windows\system32;C:\Windows;C:\Windows\System32\Wbem;C:\Windows\System32\WindowsPowerShell\v1.0\;C:\Users\Peter\AppData\Local\Microsoft\WindowsApps;D:\nvm;D:\Program Files\nodejs;D:\Java\jdk1.8.0_131\bin;D:\sdk;D:\sdk\tools;D:\sdk\platform-tools;C:\Program Files\Git\cmd;C:\ProgramData\chocolatey\bin;C:\Program Files (x86)\Windows Kits\10\Windows Performance Toolkit\;C:\Users\Peter\AppData\Local\Microsoft\WindowsApps;C:\Users\Peter\AppData\Local\atom\bin;
USERNAME=Peter
OS=Windows_NT
PROCESSOR_IDENTIFIER=Intel64 Family 6 Model 60 Stepping 3, GenuineIntel



---------------  S Y S T E M  ---------------

OS: Windows 10.0 , 64 bit Build 15063 (10.0.15063.296)

CPU:total 2 (initial active 2) (2 cores per cpu, 1 threads per core) family 6 model 60 stepping 3, cmov, cx8, fxsr, mmx, sse, sse2, sse3, ssse3, sse4.1, sse4.2, popcnt, clmul, erms, lzcnt, tsc, tscinvbit

Memory: 4k page, physical 8256848k(4195452k free), swap 16057164k(5272k free)

vm_info: Java HotSpot(TM) 64-Bit Server VM (25.131-b11) for windows-amd64 JRE (1.8.0_131-b11), built on Mar 15 2017 01:23:53 by "java_re" with MS VC++ 10.0 (VS2010)

time: Wed Jul 05 19:40:38 2017
elapsed time: 25 seconds (0d 0h 0m 25s)

