#
# There is insufficient memory for the Java Runtime Environment to continue.
# Native memory allocation (malloc) failed to allocate 1048576 bytes for AllocateHeap
# Possible reasons:
#   The system is out of physical RAM or swap space
#   In 32 bit mode, the process size limit was hit
# Possible solutions:
#   Reduce memory load on the system
#   Increase physical memory or swap space
#   Check if swap backing store is full
#   Use 64 bit Java on a 64 bit OS
#   Decrease Java heap size (-Xmx/-Xms)
#   Decrease number of Java threads
#   Decrease Java thread stack sizes (-Xss)
#   Set larger code cache with -XX:ReservedCodeCacheSize=
# This output file may be truncated or incomplete.
#
#  Out of Memory Error (memory/allocation.inline.hpp:61), pid=11976, tid=0x00000000000032ac
#
# JRE version:  (8.0_131-b11) (build )
# Java VM: Java HotSpot(TM) 64-Bit Server VM (25.131-b11 mixed mode windows-amd64 compressed oops)
# Failed to write core dump. Minidumps are not enabled by default on client versions of Windows
#

---------------  T H R E A D  ---------------

Current thread (0x0000000002f10800):  JavaThread "Unknown thread" [_thread_in_vm, id=12972, stack(0x0000000002e10000,0x0000000002f10000)]

Stack: [0x0000000002e10000,0x0000000002f10000]
[error occurred during error reporting (printing stack bounds), id 0xc0000005]

Native frames: (J=compiled Java code, j=interpreted, Vv=VM code, C=native code)


---------------  P R O C E S S  ---------------

Java Threads: ( => current thread )

Other Threads:

=>0x0000000002f10800 (exited) JavaThread "Unknown thread" [_thread_in_vm, id=12972, stack(0x0000000002e10000,0x0000000002f10000)]

VM state:not at safepoint (normal execution)

VM Mutex/Monitor currently owned by a thread: None

Heap:
 PSYoungGen      total 37888K, used 655K [0x00000000d6000000, 0x00000000d8a00000, 0x0000000100000000)
  eden space 32768K, 2% used [0x00000000d6000000,0x00000000d60a3d80,0x00000000d8000000)
  from space 5120K, 0% used [0x00000000d8500000,0x00000000d8500000,0x00000000d8a00000)
  to   space 5120K, 0% used [0x00000000d8000000,0x00000000d8000000,0x00000000d8500000)
 ParOldGen       total 86016K, used 0K [0x0000000082000000, 0x0000000087400000, 0x00000000d6000000)
  object space 86016K, 0% used [0x0000000082000000,0x0000000082000000,0x0000000087400000)
 Metaspace       used 770K, capacity 4480K, committed 4480K, reserved 1056768K
  class space    used 75K, capacity 384K, committed 384K, reserved 1048576K

Card table byte_map: [0x00000000123d0000,0x00000000127d0000] byte_map_base: 0x0000000011fc0000

Marking Bits: (ParMarkBitMap*) 0x000000005200c720
 Begin Bits: [0x0000000012c70000, 0x0000000014bf0000)
 End Bits:   [0x0000000014bf0000, 0x0000000016b70000)

Polling page: 0x0000000000e00000

CodeCache: size=245760Kb used=327Kb max_used=327Kb free=245432Kb
 bounds [0x0000000003010000, 0x0000000003280000, 0x0000000012010000]
 total_blobs=57 nmethods=0 adapters=38
 compilation: enabled

Compilation events (0 events):
No events

GC Heap History (0 events):
No events

Deoptimization events (0 events):
No events

Internal exceptions (0 events):
No events

Events (10 events):
Event: 0.183 loading class java/lang/Short
Event: 0.183 loading class java/lang/Short done
Event: 0.183 loading class java/lang/Integer
Event: 0.183 loading class java/lang/Integer done
Event: 0.183 loading class java/lang/Long
Event: 0.184 loading class java/lang/Long done
Event: 0.185 loading class java/lang/NullPointerException
Event: 0.185 loading class java/lang/NullPointerException done
Event: 0.185 loading class java/lang/ArithmeticException
Event: 0.185 loading class java/lang/ArithmeticException done


Dynamic libraries:
0x00007ff650b10000 - 0x00007ff650b47000 	D:\Java\jdk1.8.0_131\bin\java.exe
0x00007ffa89670000 - 0x00007ffa8984b000 	C:\Windows\SYSTEM32\ntdll.dll
0x00007ffa88ea0000 - 0x00007ffa88f4e000 	C:\Windows\System32\KERNEL32.DLL
0x00007ffa866b0000 - 0x00007ffa868f9000 	C:\Windows\System32\KERNELBASE.dll
0x00007ffa89550000 - 0x00007ffa895f1000 	C:\Windows\System32\ADVAPI32.dll
0x00007ffa88d80000 - 0x00007ffa88e1d000 	C:\Windows\System32\msvcrt.dll
0x00007ffa88f80000 - 0x00007ffa88fd9000 	C:\Windows\System32\sechost.dll
0x00007ffa88c50000 - 0x00007ffa88d75000 	C:\Windows\System32\RPCRT4.dll
0x00007ffa86ed0000 - 0x00007ffa8701a000 	C:\Windows\System32\USER32.dll
0x00007ffa86450000 - 0x00007ffa8646e000 	C:\Windows\System32\win32u.dll
0x00007ffa87020000 - 0x00007ffa87047000 	C:\Windows\System32\GDI32.dll
0x00007ffa86520000 - 0x00007ffa866a8000 	C:\Windows\System32\gdi32full.dll
0x00007ffa86b30000 - 0x00007ffa86bca000 	C:\Windows\System32\msvcp_win.dll
0x00007ffa86290000 - 0x00007ffa86386000 	C:\Windows\System32\ucrtbase.dll
0x00007ffa7ada0000 - 0x00007ffa7b007000 	C:\Windows\WinSxS\amd64_microsoft.windows.common-controls_6595b64144ccf1df_6.0.15063.0_none_108e4f62dfe5d999\COMCTL32.dll
0x00007ffa86bd0000 - 0x00007ffa86ec9000 	C:\Windows\System32\combase.dll
0x00007ffa863e0000 - 0x00007ffa8644a000 	C:\Windows\System32\bcryptPrimitives.dll
0x00007ffa88f50000 - 0x00007ffa88f7d000 	C:\Windows\System32\IMM32.DLL
0x0000000052a40000 - 0x0000000052b12000 	D:\Java\jdk1.8.0_131\jre\bin\msvcr100.dll
0x00000000517f0000 - 0x000000005208c000 	D:\Java\jdk1.8.0_131\jre\bin\server\jvm.dll
0x00007ffa89600000 - 0x00007ffa89608000 	C:\Windows\System32\PSAPI.DLL
0x00007ffa829d0000 - 0x00007ffa829d9000 	C:\Windows\SYSTEM32\WSOCK32.dll
0x00007ffa87580000 - 0x00007ffa875ec000 	C:\Windows\System32\WS2_32.dll
0x00007ffa83fc0000 - 0x00007ffa83fe3000 	C:\Windows\SYSTEM32\WINMM.dll
0x00007ffa79440000 - 0x00007ffa7944a000 	C:\Windows\SYSTEM32\VERSION.dll
0x00007ffa83f90000 - 0x00007ffa83fbb000 	C:\Windows\SYSTEM32\WINMMBASE.dll
0x00007ffa86390000 - 0x00007ffa863d9000 	C:\Windows\System32\cfgmgr32.dll
0x0000000052a30000 - 0x0000000052a3f000 	D:\Java\jdk1.8.0_131\jre\bin\verify.dll
0x0000000052a00000 - 0x0000000052a29000 	D:\Java\jdk1.8.0_131\jre\bin\java.dll
0x00000000529e0000 - 0x00000000529f6000 	D:\Java\jdk1.8.0_131\jre\bin\zip.dll

VM Arguments:
jvm_args: -Dorg.gradle.appname=gradlew 
java_command: org.gradle.wrapper.GradleWrapperMain installDebug
java_class_path (initial): D:\projects\rn\android\\gradle\wrapper\gradle-wrapper.jar
Launcher Type: SUN_STANDARD

Environment Variables:
JAVA_HOME=D:\Java\jdk1.8.0_131
CLASSPATH=D:\projects\rn\android\\gradle\wrapper\gradle-wrapper.jar
PATH=C:\Python27\;C:\Python27\Scripts;C:\ProgramData\Oracle\Java\javapath;C:\Windows\system32;C:\Windows;C:\Windows\System32\Wbem;C:\Windows\System32\WindowsPowerShell\v1.0\;C:\Users\Peter\AppData\Local\Microsoft\WindowsApps;D:\nvm;D:\Program Files\nodejs;D:\Java\jdk1.8.0_131\bin;D:\sdk;D:\sdk\tools;D:\sdk\platform-tools;C:\Program Files\Git\cmd;C:\ProgramData\chocolatey\bin;C:\Program Files (x86)\Windows Kits\10\Windows Performance Toolkit\;C:\Users\Peter\AppData\Local\Microsoft\WindowsApps;C:\Users\Peter\AppData\Local\atom\bin;
USERNAME=Peter
OS=Windows_NT
PROCESSOR_IDENTIFIER=Intel64 Family 6 Model 60 Stepping 3, GenuineIntel



---------------  S Y S T E M  ---------------

OS: Windows 10.0 , 64 bit Build 15063 (10.0.15063.296)

CPU:total 2 (initial active 2) (2 cores per cpu, 1 threads per core) family 6 model 60 stepping 3, cmov, cx8, fxsr, mmx, sse, sse2, sse3, ssse3, sse4.1, sse4.2, popcnt, clmul, erms, lzcnt, tsc, tscinvbit

Memory: 4k page, physical 8256848k(4175716k free), swap 16057164k(20332k free)

vm_info: Java HotSpot(TM) 64-Bit Server VM (25.131-b11) for windows-amd64 JRE (1.8.0_131-b11), built on Mar 15 2017 01:23:53 by "java_re" with MS VC++ 10.0 (VS2010)

time: Wed Jul 05 19:39:45 2017
elapsed time: 0 seconds (0d 0h 0m 0s)

